running egg_info
creating ../../build/hand_gesture/hand_gesture.egg-info
writing ../../build/hand_gesture/hand_gesture.egg-info/PKG-INFO
writing dependency_links to ../../build/hand_gesture/hand_gesture.egg-info/dependency_links.txt
writing entry points to ../../build/hand_gesture/hand_gesture.egg-info/entry_points.txt
writing requirements to ../../build/hand_gesture/hand_gesture.egg-info/requires.txt
writing top-level names to ../../build/hand_gesture/hand_gesture.egg-info/top_level.txt
writing manifest file '../../build/hand_gesture/hand_gesture.egg-info/SOURCES.txt'
reading manifest file '../../build/hand_gesture/hand_gesture.egg-info/SOURCES.txt'
writing manifest file '../../build/hand_gesture/hand_gesture.egg-info/SOURCES.txt'
running build
running build_py
creating /home/marcos/vision_ws/build/hand_gesture/build
creating /home/marcos/vision_ws/build/hand_gesture/build/lib
creating /home/marcos/vision_ws/build/hand_gesture/build/lib/hand_gesture
copying hand_gesture/__init__.py -> /home/marcos/vision_ws/build/hand_gesture/build/lib/hand_gesture
running install
running install_lib
creating /home/marcos/vision_ws/install/hand_gesture/lib/python3.10/site-packages/hand_gesture
copying /home/marcos/vision_ws/build/hand_gesture/build/lib/hand_gesture/__init__.py -> /home/marcos/vision_ws/install/hand_gesture/lib/python3.10/site-packages/hand_gesture
byte-compiling /home/marcos/vision_ws/install/hand_gesture/lib/python3.10/site-packages/hand_gesture/__init__.py to __init__.cpython-310.pyc
running install_data
creating /home/marcos/vision_ws/install/hand_gesture/share/ament_index
creating /home/marcos/vision_ws/install/hand_gesture/share/ament_index/resource_index
creating /home/marcos/vision_ws/install/hand_gesture/share/ament_index/resource_index/packages
copying resource/hand_gesture -> /home/marcos/vision_ws/install/hand_gesture/share/ament_index/resource_index/packages
copying package.xml -> /home/marcos/vision_ws/install/hand_gesture/share/hand_gesture
running install_egg_info
Copying ../../build/hand_gesture/hand_gesture.egg-info to /home/marcos/vision_ws/install/hand_gesture/lib/python3.10/site-packages/hand_gesture-0.0.0-py3.10.egg-info
running install_scripts
writing list of installed files to '/home/marcos/vision_ws/build/hand_gesture/install.log'
