[1.128s] Invoking command in '/home/marcos/vision_ws/src/hand_gesture': PYTHONPATH=/home/marcos/vision_ws/build/hand_gesture/prefix_override:/usr/lib/python3/dist-packages/colcon_core/task/python/colcon_distutils_commands:/home/marcos/vision_ws/install/hand_gesture/lib/python3.10/site-packages:${PYTHONPATH} /usr/bin/python3 -W ignore:setup.py install is deprecated -W ignore:easy_install command is deprecated setup.py egg_info --egg-base ../../build/hand_gesture build --build-base /home/marcos/vision_ws/build/hand_gesture/build install --record /home/marcos/vision_ws/build/hand_gesture/install.log --single-version-externally-managed install_data
[1.346s] running egg_info
[1.346s] creating ../../build/hand_gesture/hand_gesture.egg-info
[1.347s] writing ../../build/hand_gesture/hand_gesture.egg-info/PKG-INFO
[1.347s] writing dependency_links to ../../build/hand_gesture/hand_gesture.egg-info/dependency_links.txt
[1.347s] writing entry points to ../../build/hand_gesture/hand_gesture.egg-info/entry_points.txt
[1.347s] writing requirements to ../../build/hand_gesture/hand_gesture.egg-info/requires.txt
[1.347s] writing top-level names to ../../build/hand_gesture/hand_gesture.egg-info/top_level.txt
[1.355s] writing manifest file '../../build/hand_gesture/hand_gesture.egg-info/SOURCES.txt'
[1.356s] reading manifest file '../../build/hand_gesture/hand_gesture.egg-info/SOURCES.txt'
[1.356s] writing manifest file '../../build/hand_gesture/hand_gesture.egg-info/SOURCES.txt'
[1.356s] running build
[1.356s] running build_py
[1.357s] creating /home/marcos/vision_ws/build/hand_gesture/build
[1.357s] creating /home/marcos/vision_ws/build/hand_gesture/build/lib
[1.357s] creating /home/marcos/vision_ws/build/hand_gesture/build/lib/hand_gesture
[1.357s] copying hand_gesture/__init__.py -> /home/marcos/vision_ws/build/hand_gesture/build/lib/hand_gesture
[1.357s] running install
[1.357s] running install_lib
[1.357s] creating /home/marcos/vision_ws/install/hand_gesture/lib/python3.10/site-packages/hand_gesture
[1.358s] copying /home/marcos/vision_ws/build/hand_gesture/build/lib/hand_gesture/__init__.py -> /home/marcos/vision_ws/install/hand_gesture/lib/python3.10/site-packages/hand_gesture
[1.358s] byte-compiling /home/marcos/vision_ws/install/hand_gesture/lib/python3.10/site-packages/hand_gesture/__init__.py to __init__.cpython-310.pyc
[1.358s] running install_data
[1.358s] creating /home/marcos/vision_ws/install/hand_gesture/share/ament_index
[1.358s] creating /home/marcos/vision_ws/install/hand_gesture/share/ament_index/resource_index
[1.358s] creating /home/marcos/vision_ws/install/hand_gesture/share/ament_index/resource_index/packages
[1.358s] copying resource/hand_gesture -> /home/marcos/vision_ws/install/hand_gesture/share/ament_index/resource_index/packages
[1.358s] copying package.xml -> /home/marcos/vision_ws/install/hand_gesture/share/hand_gesture
[1.358s] running install_egg_info
[1.359s] Copying ../../build/hand_gesture/hand_gesture.egg-info to /home/marcos/vision_ws/install/hand_gesture/lib/python3.10/site-packages/hand_gesture-0.0.0-py3.10.egg-info
[1.359s] running install_scripts
[1.373s] writing list of installed files to '/home/marcos/vision_ws/build/hand_gesture/install.log'
[1.388s] Invoked command in '/home/marcos/vision_ws/src/hand_gesture' returned '0': PYTHONPATH=/home/marcos/vision_ws/build/hand_gesture/prefix_override:/usr/lib/python3/dist-packages/colcon_core/task/python/colcon_distutils_commands:/home/marcos/vision_ws/install/hand_gesture/lib/python3.10/site-packages:${PYTHONPATH} /usr/bin/python3 -W ignore:setup.py install is deprecated -W ignore:easy_install command is deprecated setup.py egg_info --egg-base ../../build/hand_gesture build --build-base /home/marcos/vision_ws/build/hand_gesture/build install --record /home/marcos/vision_ws/build/hand_gesture/install.log --single-version-externally-managed install_data
