[0.772s] Invoking command in '/home/alex/Desktop/Visión Artificial Avanzada/Proyecto/Proxecto_Vision_Avanzada/vision_ws/src/yolo_detector': PS1=(Vision) \[\e]0;\u@\h: \w\a\]${debian_chroot:+($debian_chroot)}\[\033[01;32m\]\u@\h\[\033[00m\]:\[\033[01;34m\]\w\[\033[00m\]\$ PYTHONPATH=/home/alex/Desktop/Visión Artificial Avanzada/Proyecto/Proxecto_Vision_Avanzada/vision_ws/build/yolo_detector/prefix_override:/usr/lib/python3/dist-packages/colcon_core/task/python/colcon_distutils_commands:/home/alex/Desktop/Visión Artificial Avanzada/Proyecto/Proxecto_Vision_Avanzada/vision_ws/install/yolo_detector/lib/python3.10/site-packages:${PYTHONPATH} /usr/bin/python3 -W ignore:setup.py install is deprecated -W ignore:easy_install command is deprecated setup.py egg_info --egg-base ../../build/yolo_detector build --build-base /home/alex/Desktop/Visión Artificial Avanzada/Proyecto/Proxecto_Vision_Avanzada/vision_ws/build/yolo_detector/build install --record /home/alex/Desktop/Visión Artificial Avanzada/Proyecto/Proxecto_Vision_Avanzada/vision_ws/build/yolo_detector/install.log --single-version-externally-managed install_data
[0.935s] running egg_info
[0.945s] writing ../../build/yolo_detector/yolo_detector.egg-info/PKG-INFO
[0.945s] writing dependency_links to ../../build/yolo_detector/yolo_detector.egg-info/dependency_links.txt
[0.945s] writing entry points to ../../build/yolo_detector/yolo_detector.egg-info/entry_points.txt
[0.946s] writing requirements to ../../build/yolo_detector/yolo_detector.egg-info/requires.txt
[0.946s] writing top-level names to ../../build/yolo_detector/yolo_detector.egg-info/top_level.txt
[1.031s] reading manifest file '../../build/yolo_detector/yolo_detector.egg-info/SOURCES.txt'
[1.032s] writing manifest file '../../build/yolo_detector/yolo_detector.egg-info/SOURCES.txt'
[1.032s] running build
[1.032s] running build_py
[1.033s] copying yolo_detector/__init__.py -> /home/alex/Desktop/Visión Artificial Avanzada/Proyecto/Proxecto_Vision_Avanzada/vision_ws/build/yolo_detector/build/lib/yolo_detector
[1.033s] copying yolo_detector/yolo_node.py -> /home/alex/Desktop/Visión Artificial Avanzada/Proyecto/Proxecto_Vision_Avanzada/vision_ws/build/yolo_detector/build/lib/yolo_detector
[1.033s] running install
[1.038s] running install_lib
[1.048s] running install_data
[1.048s] copying resource/yolo_detector -> /home/alex/Desktop/Visión Artificial Avanzada/Proyecto/Proxecto_Vision_Avanzada/vision_ws/install/yolo_detector/share/ament_index/resource_index/packages
[1.048s] copying package.xml -> /home/alex/Desktop/Visión Artificial Avanzada/Proyecto/Proxecto_Vision_Avanzada/vision_ws/install/yolo_detector/share/yolo_detector
[1.048s] running install_egg_info
[1.058s] removing '/home/alex/Desktop/Visión Artificial Avanzada/Proyecto/Proxecto_Vision_Avanzada/vision_ws/install/yolo_detector/lib/python3.10/site-packages/yolo_detector-0.0.0-py3.10.egg-info' (and everything under it)
[1.059s] Copying ../../build/yolo_detector/yolo_detector.egg-info to /home/alex/Desktop/Visión Artificial Avanzada/Proyecto/Proxecto_Vision_Avanzada/vision_ws/install/yolo_detector/lib/python3.10/site-packages/yolo_detector-0.0.0-py3.10.egg-info
[1.059s] running install_scripts
[1.085s] Installing yolo_node script to /home/alex/Desktop/Visión Artificial Avanzada/Proyecto/Proxecto_Vision_Avanzada/vision_ws/install/yolo_detector/lib/yolo_detector
[1.085s] writing list of installed files to '/home/alex/Desktop/Visión Artificial Avanzada/Proyecto/Proxecto_Vision_Avanzada/vision_ws/build/yolo_detector/install.log'
[1.113s] Invoked command in '/home/alex/Desktop/Visión Artificial Avanzada/Proyecto/Proxecto_Vision_Avanzada/vision_ws/src/yolo_detector' returned '0': PS1=(Vision) \[\e]0;\u@\h: \w\a\]${debian_chroot:+($debian_chroot)}\[\033[01;32m\]\u@\h\[\033[00m\]:\[\033[01;34m\]\w\[\033[00m\]\$ PYTHONPATH=/home/alex/Desktop/Visión Artificial Avanzada/Proyecto/Proxecto_Vision_Avanzada/vision_ws/build/yolo_detector/prefix_override:/usr/lib/python3/dist-packages/colcon_core/task/python/colcon_distutils_commands:/home/alex/Desktop/Visión Artificial Avanzada/Proyecto/Proxecto_Vision_Avanzada/vision_ws/install/yolo_detector/lib/python3.10/site-packages:${PYTHONPATH} /usr/bin/python3 -W ignore:setup.py install is deprecated -W ignore:easy_install command is deprecated setup.py egg_info --egg-base ../../build/yolo_detector build --build-base /home/alex/Desktop/Visión Artificial Avanzada/Proyecto/Proxecto_Vision_Avanzada/vision_ws/build/yolo_detector/build install --record /home/alex/Desktop/Visión Artificial Avanzada/Proyecto/Proxecto_Vision_Avanzada/vision_ws/build/yolo_detector/install.log --single-version-externally-managed install_data
