running egg_info
writing ../../build/yolo_detector/yolo_detector.egg-info/PKG-INFO
writing dependency_links to ../../build/yolo_detector/yolo_detector.egg-info/dependency_links.txt
writing entry points to ../../build/yolo_detector/yolo_detector.egg-info/entry_points.txt
writing requirements to ../../build/yolo_detector/yolo_detector.egg-info/requires.txt
writing top-level names to ../../build/yolo_detector/yolo_detector.egg-info/top_level.txt
reading manifest file '../../build/yolo_detector/yolo_detector.egg-info/SOURCES.txt'
writing manifest file '../../build/yolo_detector/yolo_detector.egg-info/SOURCES.txt'
running build
running build_py
copying yolo_detector/yolo_node.py -> /home/marcos/USC/Vision_avanzada/Proxecto_Final/vision_ws/build/yolo_detector/build/lib/yolo_detector
running install
running install_lib
copying /home/marcos/USC/Vision_avanzada/Proxecto_Final/vision_ws/build/yolo_detector/build/lib/yolo_detector/yolo_node.py -> /home/marcos/USC/Vision_avanzada/Proxecto_Final/vision_ws/install/yolo_detector/lib/python3.10/site-packages/yolo_detector
byte-compiling /home/marcos/USC/Vision_avanzada/Proxecto_Final/vision_ws/install/yolo_detector/lib/python3.10/site-packages/yolo_detector/yolo_node.py to yolo_node.cpython-310.pyc
running install_data
running install_egg_info
removing '/home/marcos/USC/Vision_avanzada/Proxecto_Final/vision_ws/install/yolo_detector/lib/python3.10/site-packages/yolo_detector-0.0.0-py3.10.egg-info' (and everything under it)
Copying ../../build/yolo_detector/yolo_detector.egg-info to /home/marcos/USC/Vision_avanzada/Proxecto_Final/vision_ws/install/yolo_detector/lib/python3.10/site-packages/yolo_detector-0.0.0-py3.10.egg-info
running install_scripts
Installing yolo_node script to /home/marcos/USC/Vision_avanzada/Proxecto_Final/vision_ws/install/yolo_detector/lib/yolo_detector
writing list of installed files to '/home/marcos/USC/Vision_avanzada/Proxecto_Final/vision_ws/build/yolo_detector/install.log'
