[0.655s] Invoking command in '/home/alex/Desktop/Visión Artificial Avanzada/Proyecto/Proxecto_Vision_Avanzada/vision_ws/src/yolo_detector': PS1=(Vision) \[\e]0;\u@\h: \w\a\]${debian_chroot:+($debian_chroot)}\[\033[01;32m\]\u@\h\[\033[00m\]:\[\033[01;34m\]\w\[\033[00m\]\$ PYTHONPATH=/home/alex/Desktop/Visión Artificial Avanzada/Proyecto/Proxecto_Vision_Avanzada/vision_ws/build/yolo_detector/prefix_override:/usr/lib/python3/dist-packages/colcon_core/task/python/colcon_distutils_commands:/home/alex/Desktop/Visión Artificial Avanzada/Proyecto/Proxecto_Vision_Avanzada/vision_ws/install/yolo_detector/lib/python3.10/site-packages:${PYTHONPATH} /usr/bin/python3 -W ignore:setup.py install is deprecated -W ignore:easy_install command is deprecated setup.py egg_info --egg-base ../../build/yolo_detector build --build-base /home/alex/Desktop/Visión Artificial Avanzada/Proyecto/Proxecto_Vision_Avanzada/vision_ws/build/yolo_detector/build install --record /home/alex/Desktop/Visión Artificial Avanzada/Proyecto/Proxecto_Vision_Avanzada/vision_ws/build/yolo_detector/install.log --single-version-externally-managed install_data
[0.819s] running egg_info
[0.830s] writing ../../build/yolo_detector/yolo_detector.egg-info/PKG-INFO
[0.830s] writing dependency_links to ../../build/yolo_detector/yolo_detector.egg-info/dependency_links.txt
[0.830s] writing entry points to ../../build/yolo_detector/yolo_detector.egg-info/entry_points.txt
[0.831s] writing requirements to ../../build/yolo_detector/yolo_detector.egg-info/requires.txt
[0.831s] writing top-level names to ../../build/yolo_detector/yolo_detector.egg-info/top_level.txt
[0.915s] reading manifest file '../../build/yolo_detector/yolo_detector.egg-info/SOURCES.txt'
[0.915s] writing manifest file '../../build/yolo_detector/yolo_detector.egg-info/SOURCES.txt'
[0.915s] running build
[0.915s] running build_py
[0.915s] copying yolo_detector/__init__.py -> /home/alex/Desktop/Visión Artificial Avanzada/Proyecto/Proxecto_Vision_Avanzada/vision_ws/build/yolo_detector/build/lib/yolo_detector
[0.915s] copying yolo_detector/yolo_node.py -> /home/alex/Desktop/Visión Artificial Avanzada/Proyecto/Proxecto_Vision_Avanzada/vision_ws/build/yolo_detector/build/lib/yolo_detector
[0.915s] running install
[0.919s] running install_lib
[0.929s] running install_data
[0.929s] copying resource/yolo_detector -> /home/alex/Desktop/Visión Artificial Avanzada/Proyecto/Proxecto_Vision_Avanzada/vision_ws/install/yolo_detector/share/ament_index/resource_index/packages
[0.930s] copying package.xml -> /home/alex/Desktop/Visión Artificial Avanzada/Proyecto/Proxecto_Vision_Avanzada/vision_ws/install/yolo_detector/share/yolo_detector
[0.930s] running install_egg_info
[0.940s] removing '/home/alex/Desktop/Visión Artificial Avanzada/Proyecto/Proxecto_Vision_Avanzada/vision_ws/install/yolo_detector/lib/python3.10/site-packages/yolo_detector-0.0.0-py3.10.egg-info' (and everything under it)
[0.940s] Copying ../../build/yolo_detector/yolo_detector.egg-info to /home/alex/Desktop/Visión Artificial Avanzada/Proyecto/Proxecto_Vision_Avanzada/vision_ws/install/yolo_detector/lib/python3.10/site-packages/yolo_detector-0.0.0-py3.10.egg-info
[0.941s] running install_scripts
[0.966s] Installing yolo_node script to /home/alex/Desktop/Visión Artificial Avanzada/Proyecto/Proxecto_Vision_Avanzada/vision_ws/install/yolo_detector/lib/yolo_detector
[0.966s] writing list of installed files to '/home/alex/Desktop/Visión Artificial Avanzada/Proyecto/Proxecto_Vision_Avanzada/vision_ws/build/yolo_detector/install.log'
[0.984s] Invoked command in '/home/alex/Desktop/Visión Artificial Avanzada/Proyecto/Proxecto_Vision_Avanzada/vision_ws/src/yolo_detector' returned '0': PS1=(Vision) \[\e]0;\u@\h: \w\a\]${debian_chroot:+($debian_chroot)}\[\033[01;32m\]\u@\h\[\033[00m\]:\[\033[01;34m\]\w\[\033[00m\]\$ PYTHONPATH=/home/alex/Desktop/Visión Artificial Avanzada/Proyecto/Proxecto_Vision_Avanzada/vision_ws/build/yolo_detector/prefix_override:/usr/lib/python3/dist-packages/colcon_core/task/python/colcon_distutils_commands:/home/alex/Desktop/Visión Artificial Avanzada/Proyecto/Proxecto_Vision_Avanzada/vision_ws/install/yolo_detector/lib/python3.10/site-packages:${PYTHONPATH} /usr/bin/python3 -W ignore:setup.py install is deprecated -W ignore:easy_install command is deprecated setup.py egg_info --egg-base ../../build/yolo_detector build --build-base /home/alex/Desktop/Visión Artificial Avanzada/Proyecto/Proxecto_Vision_Avanzada/vision_ws/build/yolo_detector/build install --record /home/alex/Desktop/Visión Artificial Avanzada/Proyecto/Proxecto_Vision_Avanzada/vision_ws/build/yolo_detector/install.log --single-version-externally-managed install_data
