[0.227s] DEBUG:colcon:Command line arguments: ['/usr/bin/colcon', 'build']
[0.227s] DEBUG:colcon:Parsed command line arguments: Namespace(log_base=None, log_level=None, verb_name='build', build_base='build', install_base='install', merge_install=False, symlink_install=False, test_result_base=None, continue_on_error=False, executor='parallel', parallel_workers=16, event_handlers=None, ignore_user_meta=False, metas=['./colcon.meta'], base_paths=['.'], packages_ignore=None, packages_ignore_regex=None, paths=None, packages_up_to=None, packages_up_to_regex=None, packages_above=None, packages_above_and_dependencies=None, packages_above_depth=None, packages_select_by_dep=None, packages_skip_by_dep=None, packages_skip_up_to=None, packages_select_build_failed=False, packages_skip_build_finished=False, packages_select_test_failures=False, packages_skip_test_passed=False, packages_select=None, packages_skip=None, packages_select_regex=None, packages_skip_regex=None, packages_start=None, packages_end=None, allow_overriding=[], cmake_args=None, cmake_target=None, cmake_target_skip_unavailable=False, cmake_clean_cache=False, cmake_clean_first=False, cmake_force_configure=False, ament_cmake_args=None, catkin_cmake_args=None, catkin_skip_building_tests=False, verb_parser=<colcon_defaults.argument_parser.defaults.DefaultArgumentsDecorator object at 0x729869056ef0>, verb_extension=<colcon_core.verb.build.BuildVerb object at 0x7298691b4310>, main=<bound method BuildVerb.main of <colcon_core.verb.build.BuildVerb object at 0x7298691b4310>>)
[0.391s] Level 1:colcon.colcon_core.package_discovery:discover_packages(colcon_meta) check parameters
[0.391s] Level 1:colcon.colcon_core.package_discovery:discover_packages(recursive) check parameters
[0.391s] Level 1:colcon.colcon_core.package_discovery:discover_packages(ignore) check parameters
[0.391s] Level 1:colcon.colcon_core.package_discovery:discover_packages(path) check parameters
[0.391s] Level 1:colcon.colcon_core.package_discovery:discover_packages(colcon_meta) discover
[0.391s] Level 1:colcon.colcon_core.package_discovery:discover_packages(recursive) discover
[0.391s] INFO:colcon.colcon_core.package_discovery:Crawling recursively for packages in '/home/marcos/USC/Vision_avanzada/Proxecto_Final/vision_ws'
[0.391s] Level 1:colcon.colcon_core.package_identification:_identify(.) by extensions ['ignore', 'ignore_ament_install']
[0.391s] Level 1:colcon.colcon_core.package_identification:_identify(.) by extension 'ignore'
[0.391s] Level 1:colcon.colcon_core.package_identification:_identify(.) by extension 'ignore_ament_install'
[0.391s] Level 1:colcon.colcon_core.package_identification:_identify(.) by extensions ['colcon_pkg']
[0.391s] Level 1:colcon.colcon_core.package_identification:_identify(.) by extension 'colcon_pkg'
[0.391s] Level 1:colcon.colcon_core.package_identification:_identify(.) by extensions ['colcon_meta']
[0.391s] Level 1:colcon.colcon_core.package_identification:_identify(.) by extension 'colcon_meta'
[0.392s] Level 1:colcon.colcon_core.package_identification:_identify(.) by extensions ['ros']
[0.392s] Level 1:colcon.colcon_core.package_identification:_identify(.) by extension 'ros'
[0.410s] Level 1:colcon.colcon_core.package_identification:_identify(.) by extensions ['cmake', 'python']
[0.410s] Level 1:colcon.colcon_core.package_identification:_identify(.) by extension 'cmake'
[0.410s] Level 1:colcon.colcon_core.package_identification:_identify(.) by extension 'python'
[0.410s] Level 1:colcon.colcon_core.package_identification:_identify(.) by extensions ['python_setup_py']
[0.410s] Level 1:colcon.colcon_core.package_identification:_identify(.) by extension 'python_setup_py'
[0.410s] Level 1:colcon.colcon_core.package_identification:_identify(build) by extensions ['ignore', 'ignore_ament_install']
[0.410s] Level 1:colcon.colcon_core.package_identification:_identify(build) by extension 'ignore'
[0.410s] Level 1:colcon.colcon_core.package_identification:_identify(build) ignored
[0.410s] Level 1:colcon.colcon_core.package_identification:_identify(install) by extensions ['ignore', 'ignore_ament_install']
[0.410s] Level 1:colcon.colcon_core.package_identification:_identify(install) by extension 'ignore'
[0.410s] Level 1:colcon.colcon_core.package_identification:_identify(install) ignored
[0.410s] Level 1:colcon.colcon_core.package_identification:_identify(log) by extensions ['ignore', 'ignore_ament_install']
[0.411s] Level 1:colcon.colcon_core.package_identification:_identify(log) by extension 'ignore'
[0.411s] Level 1:colcon.colcon_core.package_identification:_identify(log) ignored
[0.411s] Level 1:colcon.colcon_core.package_identification:_identify(src) by extensions ['ignore', 'ignore_ament_install']
[0.411s] Level 1:colcon.colcon_core.package_identification:_identify(src) by extension 'ignore'
[0.411s] Level 1:colcon.colcon_core.package_identification:_identify(src) by extension 'ignore_ament_install'
[0.411s] Level 1:colcon.colcon_core.package_identification:_identify(src) by extensions ['colcon_pkg']
[0.411s] Level 1:colcon.colcon_core.package_identification:_identify(src) by extension 'colcon_pkg'
[0.411s] Level 1:colcon.colcon_core.package_identification:_identify(src) by extensions ['colcon_meta']
[0.411s] Level 1:colcon.colcon_core.package_identification:_identify(src) by extension 'colcon_meta'
[0.411s] Level 1:colcon.colcon_core.package_identification:_identify(src) by extensions ['ros']
[0.411s] Level 1:colcon.colcon_core.package_identification:_identify(src) by extension 'ros'
[0.411s] Level 1:colcon.colcon_core.package_identification:_identify(src) by extensions ['cmake', 'python']
[0.411s] Level 1:colcon.colcon_core.package_identification:_identify(src) by extension 'cmake'
[0.411s] Level 1:colcon.colcon_core.package_identification:_identify(src) by extension 'python'
[0.411s] Level 1:colcon.colcon_core.package_identification:_identify(src) by extensions ['python_setup_py']
[0.411s] Level 1:colcon.colcon_core.package_identification:_identify(src) by extension 'python_setup_py'
[0.411s] Level 1:colcon.colcon_core.package_identification:_identify(src/hand_gesture) by extensions ['ignore', 'ignore_ament_install']
[0.411s] Level 1:colcon.colcon_core.package_identification:_identify(src/hand_gesture) by extension 'ignore'
[0.411s] Level 1:colcon.colcon_core.package_identification:_identify(src/hand_gesture) by extension 'ignore_ament_install'
[0.411s] Level 1:colcon.colcon_core.package_identification:_identify(src/hand_gesture) by extensions ['colcon_pkg']
[0.411s] Level 1:colcon.colcon_core.package_identification:_identify(src/hand_gesture) by extension 'colcon_pkg'
[0.411s] Level 1:colcon.colcon_core.package_identification:_identify(src/hand_gesture) by extensions ['colcon_meta']
[0.411s] Level 1:colcon.colcon_core.package_identification:_identify(src/hand_gesture) by extension 'colcon_meta'
[0.411s] Level 1:colcon.colcon_core.package_identification:_identify(src/hand_gesture) by extensions ['ros']
[0.411s] Level 1:colcon.colcon_core.package_identification:_identify(src/hand_gesture) by extension 'ros'
[0.421s] DEBUG:colcon.colcon_core.package_identification:Package 'src/hand_gesture' with type 'ros.ament_python' and name 'hand_gesture'
[0.421s] Level 1:colcon.colcon_core.package_identification:_identify(src/yolo_detector) by extensions ['ignore', 'ignore_ament_install']
[0.421s] Level 1:colcon.colcon_core.package_identification:_identify(src/yolo_detector) by extension 'ignore'
[0.422s] Level 1:colcon.colcon_core.package_identification:_identify(src/yolo_detector) by extension 'ignore_ament_install'
[0.422s] Level 1:colcon.colcon_core.package_identification:_identify(src/yolo_detector) by extensions ['colcon_pkg']
[0.422s] Level 1:colcon.colcon_core.package_identification:_identify(src/yolo_detector) by extension 'colcon_pkg'
[0.422s] Level 1:colcon.colcon_core.package_identification:_identify(src/yolo_detector) by extensions ['colcon_meta']
[0.422s] Level 1:colcon.colcon_core.package_identification:_identify(src/yolo_detector) by extension 'colcon_meta'
[0.422s] Level 1:colcon.colcon_core.package_identification:_identify(src/yolo_detector) by extensions ['ros']
[0.422s] Level 1:colcon.colcon_core.package_identification:_identify(src/yolo_detector) by extension 'ros'
[0.423s] DEBUG:colcon.colcon_core.package_identification:Package 'src/yolo_detector' with type 'ros.ament_python' and name 'yolo_detector'
[0.423s] Level 1:colcon.colcon_core.package_discovery:discover_packages(recursive) using defaults
[0.423s] Level 1:colcon.colcon_core.package_discovery:discover_packages(ignore) discover
[0.423s] Level 1:colcon.colcon_core.package_discovery:discover_packages(ignore) using defaults
[0.423s] Level 1:colcon.colcon_core.package_discovery:discover_packages(path) discover
[0.423s] Level 1:colcon.colcon_core.package_discovery:discover_packages(path) using defaults
[0.454s] Level 1:colcon.colcon_core.package_discovery:discover_packages(prefix_path) check parameters
[0.454s] Level 1:colcon.colcon_core.package_discovery:discover_packages(prefix_path) discover
[0.457s] DEBUG:colcon.colcon_installed_package_information.package_discovery:Found 2 installed packages in /home/marcos/USC/Vision_avanzada/Proxecto_Final/vision_ws/install
[0.459s] DEBUG:colcon.colcon_installed_package_information.package_discovery:Found 396 installed packages in /opt/ros/humble
[0.462s] Level 1:colcon.colcon_core.package_discovery:discover_packages(prefix_path) using defaults
[0.502s] Level 5:colcon.colcon_core.verb:set package 'hand_gesture' build argument 'cmake_args' from command line to 'None'
[0.502s] Level 5:colcon.colcon_core.verb:set package 'hand_gesture' build argument 'cmake_target' from command line to 'None'
[0.502s] Level 5:colcon.colcon_core.verb:set package 'hand_gesture' build argument 'cmake_target_skip_unavailable' from command line to 'False'
[0.502s] Level 5:colcon.colcon_core.verb:set package 'hand_gesture' build argument 'cmake_clean_cache' from command line to 'False'
[0.502s] Level 5:colcon.colcon_core.verb:set package 'hand_gesture' build argument 'cmake_clean_first' from command line to 'False'
[0.502s] Level 5:colcon.colcon_core.verb:set package 'hand_gesture' build argument 'cmake_force_configure' from command line to 'False'
[0.502s] Level 5:colcon.colcon_core.verb:set package 'hand_gesture' build argument 'ament_cmake_args' from command line to 'None'
[0.502s] Level 5:colcon.colcon_core.verb:set package 'hand_gesture' build argument 'catkin_cmake_args' from command line to 'None'
[0.502s] Level 5:colcon.colcon_core.verb:set package 'hand_gesture' build argument 'catkin_skip_building_tests' from command line to 'False'
[0.502s] DEBUG:colcon.colcon_core.verb:Building package 'hand_gesture' with the following arguments: {'ament_cmake_args': None, 'build_base': '/home/marcos/USC/Vision_avanzada/Proxecto_Final/vision_ws/build/hand_gesture', 'catkin_cmake_args': None, 'catkin_skip_building_tests': False, 'cmake_args': None, 'cmake_clean_cache': False, 'cmake_clean_first': False, 'cmake_force_configure': False, 'cmake_target': None, 'cmake_target_skip_unavailable': False, 'install_base': '/home/marcos/USC/Vision_avanzada/Proxecto_Final/vision_ws/install/hand_gesture', 'merge_install': False, 'path': '/home/marcos/USC/Vision_avanzada/Proxecto_Final/vision_ws/src/hand_gesture', 'symlink_install': False, 'test_result_base': None}
[0.502s] Level 5:colcon.colcon_core.verb:set package 'yolo_detector' build argument 'cmake_args' from command line to 'None'
[0.502s] Level 5:colcon.colcon_core.verb:set package 'yolo_detector' build argument 'cmake_target' from command line to 'None'
[0.502s] Level 5:colcon.colcon_core.verb:set package 'yolo_detector' build argument 'cmake_target_skip_unavailable' from command line to 'False'
[0.502s] Level 5:colcon.colcon_core.verb:set package 'yolo_detector' build argument 'cmake_clean_cache' from command line to 'False'
[0.502s] Level 5:colcon.colcon_core.verb:set package 'yolo_detector' build argument 'cmake_clean_first' from command line to 'False'
[0.502s] Level 5:colcon.colcon_core.verb:set package 'yolo_detector' build argument 'cmake_force_configure' from command line to 'False'
[0.502s] Level 5:colcon.colcon_core.verb:set package 'yolo_detector' build argument 'ament_cmake_args' from command line to 'None'
[0.502s] Level 5:colcon.colcon_core.verb:set package 'yolo_detector' build argument 'catkin_cmake_args' from command line to 'None'
[0.502s] Level 5:colcon.colcon_core.verb:set package 'yolo_detector' build argument 'catkin_skip_building_tests' from command line to 'False'
[0.502s] DEBUG:colcon.colcon_core.verb:Building package 'yolo_detector' with the following arguments: {'ament_cmake_args': None, 'build_base': '/home/marcos/USC/Vision_avanzada/Proxecto_Final/vision_ws/build/yolo_detector', 'catkin_cmake_args': None, 'catkin_skip_building_tests': False, 'cmake_args': None, 'cmake_clean_cache': False, 'cmake_clean_first': False, 'cmake_force_configure': False, 'cmake_target': None, 'cmake_target_skip_unavailable': False, 'install_base': '/home/marcos/USC/Vision_avanzada/Proxecto_Final/vision_ws/install/yolo_detector', 'merge_install': False, 'path': '/home/marcos/USC/Vision_avanzada/Proxecto_Final/vision_ws/src/yolo_detector', 'symlink_install': False, 'test_result_base': None}
[0.502s] INFO:colcon.colcon_core.executor:Executing jobs using 'parallel' executor
[0.504s] DEBUG:colcon.colcon_parallel_executor.executor.parallel:run_until_complete
[0.504s] INFO:colcon.colcon_ros.task.ament_python.build:Building ROS package in '/home/marcos/USC/Vision_avanzada/Proxecto_Final/vision_ws/src/hand_gesture' with build type 'ament_python'
[0.504s] Level 1:colcon.colcon_core.shell:create_environment_hook('hand_gesture', 'ament_prefix_path')
[0.513s] INFO:colcon.colcon_core.plugin_system:Skipping extension 'colcon_core.shell.bat': Not used on non-Windows systems
[0.513s] INFO:colcon.colcon_core.shell:Creating environment hook '/home/marcos/USC/Vision_avanzada/Proxecto_Final/vision_ws/install/hand_gesture/share/hand_gesture/hook/ament_prefix_path.ps1'
[0.513s] INFO:colcon.colcon_core.shell:Creating environment descriptor '/home/marcos/USC/Vision_avanzada/Proxecto_Final/vision_ws/install/hand_gesture/share/hand_gesture/hook/ament_prefix_path.dsv'
[0.514s] INFO:colcon.colcon_core.shell:Creating environment hook '/home/marcos/USC/Vision_avanzada/Proxecto_Final/vision_ws/install/hand_gesture/share/hand_gesture/hook/ament_prefix_path.sh'
[0.515s] INFO:colcon.colcon_core.shell:Skip shell extension 'powershell' for command environment: Not usable outside of PowerShell
[0.515s] DEBUG:colcon.colcon_core.shell:Skip shell extension 'dsv' for command environment
[0.520s] INFO:colcon.colcon_ros.task.ament_python.build:Building ROS package in '/home/marcos/USC/Vision_avanzada/Proxecto_Final/vision_ws/src/yolo_detector' with build type 'ament_python'
[0.521s] Level 1:colcon.colcon_core.shell:create_environment_hook('yolo_detector', 'ament_prefix_path')
[0.521s] INFO:colcon.colcon_core.shell:Creating environment hook '/home/marcos/USC/Vision_avanzada/Proxecto_Final/vision_ws/install/yolo_detector/share/yolo_detector/hook/ament_prefix_path.ps1'
[0.522s] INFO:colcon.colcon_core.shell:Creating environment descriptor '/home/marcos/USC/Vision_avanzada/Proxecto_Final/vision_ws/install/yolo_detector/share/yolo_detector/hook/ament_prefix_path.dsv'
[0.522s] INFO:colcon.colcon_core.shell:Creating environment hook '/home/marcos/USC/Vision_avanzada/Proxecto_Final/vision_ws/install/yolo_detector/share/yolo_detector/hook/ament_prefix_path.sh'
[0.523s] INFO:colcon.colcon_core.shell:Skip shell extension 'powershell' for command environment: Not usable outside of PowerShell
[0.523s] DEBUG:colcon.colcon_core.shell:Skip shell extension 'dsv' for command environment
[0.827s] INFO:colcon.colcon_core.task.python.build:Building Python package in '/home/marcos/USC/Vision_avanzada/Proxecto_Final/vision_ws/src/hand_gesture'
[0.827s] INFO:colcon.colcon_core.shell:Skip shell extension 'powershell' for command environment: Not usable outside of PowerShell
[0.827s] DEBUG:colcon.colcon_core.shell:Skip shell extension 'dsv' for command environment
[1.117s] INFO:colcon.colcon_core.task.python.build:Building Python package in '/home/marcos/USC/Vision_avanzada/Proxecto_Final/vision_ws/src/yolo_detector'
[1.117s] INFO:colcon.colcon_core.shell:Skip shell extension 'powershell' for command environment: Not usable outside of PowerShell
[1.117s] DEBUG:colcon.colcon_core.shell:Skip shell extension 'dsv' for command environment
[1.682s] DEBUG:colcon.colcon_core.event_handler.log_command:Invoking command in '/home/marcos/USC/Vision_avanzada/Proxecto_Final/vision_ws/src/hand_gesture': PYTHONPATH=/home/marcos/USC/Vision_avanzada/Proxecto_Final/vision_ws/build/hand_gesture/prefix_override:/usr/lib/python3/dist-packages/colcon_core/task/python/colcon_distutils_commands:/home/marcos/USC/Vision_avanzada/Proxecto_Final/vision_ws/install/hand_gesture/lib/python3.10/site-packages:${PYTHONPATH} /usr/bin/python3 -W ignore:setup.py install is deprecated -W ignore:easy_install command is deprecated setup.py egg_info --egg-base ../../build/hand_gesture build --build-base /home/marcos/USC/Vision_avanzada/Proxecto_Final/vision_ws/build/hand_gesture/build install --record /home/marcos/USC/Vision_avanzada/Proxecto_Final/vision_ws/build/hand_gesture/install.log --single-version-externally-managed install_data
[1.695s] DEBUG:colcon.colcon_core.event_handler.log_command:Invoking command in '/home/marcos/USC/Vision_avanzada/Proxecto_Final/vision_ws/src/yolo_detector': PYTHONPATH=/home/marcos/USC/Vision_avanzada/Proxecto_Final/vision_ws/build/yolo_detector/prefix_override:/usr/lib/python3/dist-packages/colcon_core/task/python/colcon_distutils_commands:/home/marcos/USC/Vision_avanzada/Proxecto_Final/vision_ws/install/yolo_detector/lib/python3.10/site-packages:${PYTHONPATH} /usr/bin/python3 -W ignore:setup.py install is deprecated -W ignore:easy_install command is deprecated setup.py egg_info --egg-base ../../build/yolo_detector build --build-base /home/marcos/USC/Vision_avanzada/Proxecto_Final/vision_ws/build/yolo_detector/build install --record /home/marcos/USC/Vision_avanzada/Proxecto_Final/vision_ws/build/yolo_detector/install.log --single-version-externally-managed install_data
[1.940s] DEBUG:colcon.colcon_core.event_handler.log_command:Invoked command in '/home/marcos/USC/Vision_avanzada/Proxecto_Final/vision_ws/src/hand_gesture' returned '0': PYTHONPATH=/home/marcos/USC/Vision_avanzada/Proxecto_Final/vision_ws/build/hand_gesture/prefix_override:/usr/lib/python3/dist-packages/colcon_core/task/python/colcon_distutils_commands:/home/marcos/USC/Vision_avanzada/Proxecto_Final/vision_ws/install/hand_gesture/lib/python3.10/site-packages:${PYTHONPATH} /usr/bin/python3 -W ignore:setup.py install is deprecated -W ignore:easy_install command is deprecated setup.py egg_info --egg-base ../../build/hand_gesture build --build-base /home/marcos/USC/Vision_avanzada/Proxecto_Final/vision_ws/build/hand_gesture/build install --record /home/marcos/USC/Vision_avanzada/Proxecto_Final/vision_ws/build/hand_gesture/install.log --single-version-externally-managed install_data
[1.945s] Level 1:colcon.colcon_core.environment:checking '/home/marcos/USC/Vision_avanzada/Proxecto_Final/vision_ws/install/hand_gesture' for CMake module files
[1.945s] Level 1:colcon.colcon_core.environment:checking '/home/marcos/USC/Vision_avanzada/Proxecto_Final/vision_ws/install/hand_gesture' for CMake config files
[1.945s] Level 1:colcon.colcon_core.environment:checking '/home/marcos/USC/Vision_avanzada/Proxecto_Final/vision_ws/install/hand_gesture/lib'
[1.946s] Level 1:colcon.colcon_core.environment:checking '/home/marcos/USC/Vision_avanzada/Proxecto_Final/vision_ws/install/hand_gesture/bin'
[1.946s] Level 1:colcon.colcon_core.environment:checking '/home/marcos/USC/Vision_avanzada/Proxecto_Final/vision_ws/install/hand_gesture/lib/pkgconfig/hand_gesture.pc'
[1.946s] Level 1:colcon.colcon_core.environment:checking '/home/marcos/USC/Vision_avanzada/Proxecto_Final/vision_ws/install/hand_gesture/lib/python3.10/site-packages'
[1.946s] Level 1:colcon.colcon_core.shell:create_environment_hook('hand_gesture', 'pythonpath')
[1.946s] INFO:colcon.colcon_core.shell:Creating environment hook '/home/marcos/USC/Vision_avanzada/Proxecto_Final/vision_ws/install/hand_gesture/share/hand_gesture/hook/pythonpath.ps1'
[1.946s] INFO:colcon.colcon_core.shell:Creating environment descriptor '/home/marcos/USC/Vision_avanzada/Proxecto_Final/vision_ws/install/hand_gesture/share/hand_gesture/hook/pythonpath.dsv'
[1.947s] INFO:colcon.colcon_core.shell:Creating environment hook '/home/marcos/USC/Vision_avanzada/Proxecto_Final/vision_ws/install/hand_gesture/share/hand_gesture/hook/pythonpath.sh'
[1.947s] Level 1:colcon.colcon_core.environment:checking '/home/marcos/USC/Vision_avanzada/Proxecto_Final/vision_ws/install/hand_gesture/bin'
[1.947s] Level 1:colcon.colcon_core.environment:create_environment_scripts_only(hand_gesture)
[1.947s] INFO:colcon.colcon_core.shell:Creating package script '/home/marcos/USC/Vision_avanzada/Proxecto_Final/vision_ws/install/hand_gesture/share/hand_gesture/package.ps1'
[1.948s] INFO:colcon.colcon_core.shell:Creating package descriptor '/home/marcos/USC/Vision_avanzada/Proxecto_Final/vision_ws/install/hand_gesture/share/hand_gesture/package.dsv'
[1.949s] INFO:colcon.colcon_core.shell:Creating package script '/home/marcos/USC/Vision_avanzada/Proxecto_Final/vision_ws/install/hand_gesture/share/hand_gesture/package.sh'
[1.949s] INFO:colcon.colcon_core.shell:Creating package script '/home/marcos/USC/Vision_avanzada/Proxecto_Final/vision_ws/install/hand_gesture/share/hand_gesture/package.bash'
[1.950s] INFO:colcon.colcon_core.shell:Creating package script '/home/marcos/USC/Vision_avanzada/Proxecto_Final/vision_ws/install/hand_gesture/share/hand_gesture/package.zsh'
[1.951s] Level 1:colcon.colcon_core.environment:create_file_with_runtime_dependencies(/home/marcos/USC/Vision_avanzada/Proxecto_Final/vision_ws/install/hand_gesture/share/colcon-core/packages/hand_gesture)
[1.952s] Level 1:colcon.colcon_core.environment:checking '/home/marcos/USC/Vision_avanzada/Proxecto_Final/vision_ws/install/yolo_detector' for CMake module files
[1.953s] DEBUG:colcon.colcon_core.event_handler.log_command:Invoked command in '/home/marcos/USC/Vision_avanzada/Proxecto_Final/vision_ws/src/yolo_detector' returned '0': PYTHONPATH=/home/marcos/USC/Vision_avanzada/Proxecto_Final/vision_ws/build/yolo_detector/prefix_override:/usr/lib/python3/dist-packages/colcon_core/task/python/colcon_distutils_commands:/home/marcos/USC/Vision_avanzada/Proxecto_Final/vision_ws/install/yolo_detector/lib/python3.10/site-packages:${PYTHONPATH} /usr/bin/python3 -W ignore:setup.py install is deprecated -W ignore:easy_install command is deprecated setup.py egg_info --egg-base ../../build/yolo_detector build --build-base /home/marcos/USC/Vision_avanzada/Proxecto_Final/vision_ws/build/yolo_detector/build install --record /home/marcos/USC/Vision_avanzada/Proxecto_Final/vision_ws/build/yolo_detector/install.log --single-version-externally-managed install_data
[1.953s] Level 1:colcon.colcon_core.environment:checking '/home/marcos/USC/Vision_avanzada/Proxecto_Final/vision_ws/install/yolo_detector' for CMake config files
[1.953s] Level 1:colcon.colcon_core.environment:checking '/home/marcos/USC/Vision_avanzada/Proxecto_Final/vision_ws/install/yolo_detector/lib'
[1.953s] Level 1:colcon.colcon_core.environment:checking '/home/marcos/USC/Vision_avanzada/Proxecto_Final/vision_ws/install/yolo_detector/bin'
[1.953s] Level 1:colcon.colcon_core.environment:checking '/home/marcos/USC/Vision_avanzada/Proxecto_Final/vision_ws/install/yolo_detector/lib/pkgconfig/yolo_detector.pc'
[1.953s] Level 1:colcon.colcon_core.environment:checking '/home/marcos/USC/Vision_avanzada/Proxecto_Final/vision_ws/install/yolo_detector/lib/python3.10/site-packages'
[1.953s] Level 1:colcon.colcon_core.shell:create_environment_hook('yolo_detector', 'pythonpath')
[1.954s] INFO:colcon.colcon_core.shell:Creating environment hook '/home/marcos/USC/Vision_avanzada/Proxecto_Final/vision_ws/install/yolo_detector/share/yolo_detector/hook/pythonpath.ps1'
[1.954s] INFO:colcon.colcon_core.shell:Creating environment descriptor '/home/marcos/USC/Vision_avanzada/Proxecto_Final/vision_ws/install/yolo_detector/share/yolo_detector/hook/pythonpath.dsv'
[1.954s] INFO:colcon.colcon_core.shell:Creating environment hook '/home/marcos/USC/Vision_avanzada/Proxecto_Final/vision_ws/install/yolo_detector/share/yolo_detector/hook/pythonpath.sh'
[1.954s] Level 1:colcon.colcon_core.environment:checking '/home/marcos/USC/Vision_avanzada/Proxecto_Final/vision_ws/install/yolo_detector/bin'
[1.954s] Level 1:colcon.colcon_core.environment:create_environment_scripts_only(yolo_detector)
[1.955s] INFO:colcon.colcon_core.shell:Creating package script '/home/marcos/USC/Vision_avanzada/Proxecto_Final/vision_ws/install/yolo_detector/share/yolo_detector/package.ps1'
[1.955s] INFO:colcon.colcon_core.shell:Creating package descriptor '/home/marcos/USC/Vision_avanzada/Proxecto_Final/vision_ws/install/yolo_detector/share/yolo_detector/package.dsv'
[1.955s] INFO:colcon.colcon_core.shell:Creating package script '/home/marcos/USC/Vision_avanzada/Proxecto_Final/vision_ws/install/yolo_detector/share/yolo_detector/package.sh'
[1.955s] INFO:colcon.colcon_core.shell:Creating package script '/home/marcos/USC/Vision_avanzada/Proxecto_Final/vision_ws/install/yolo_detector/share/yolo_detector/package.bash'
[1.956s] INFO:colcon.colcon_core.shell:Creating package script '/home/marcos/USC/Vision_avanzada/Proxecto_Final/vision_ws/install/yolo_detector/share/yolo_detector/package.zsh'
[1.956s] Level 1:colcon.colcon_core.environment:create_file_with_runtime_dependencies(/home/marcos/USC/Vision_avanzada/Proxecto_Final/vision_ws/install/yolo_detector/share/colcon-core/packages/yolo_detector)
[1.956s] DEBUG:colcon.colcon_parallel_executor.executor.parallel:closing loop
[1.956s] DEBUG:colcon.colcon_parallel_executor.executor.parallel:loop closed
[1.956s] DEBUG:colcon.colcon_parallel_executor.executor.parallel:run_until_complete finished with '0'
[1.956s] DEBUG:colcon.colcon_core.event_reactor:joining thread
[1.960s] INFO:colcon.colcon_core.plugin_system:Skipping extension 'colcon_notification.desktop_notification.terminal_notifier': Not used on non-Darwin systems
[1.960s] INFO:colcon.colcon_core.plugin_system:Skipping extension 'colcon_notification.desktop_notification.win32': Not used on non-Windows systems
[1.960s] INFO:colcon.colcon_notification.desktop_notification:Sending desktop notification using 'notify2'
[1.973s] DEBUG:colcon.colcon_core.event_reactor:joined thread
[1.973s] INFO:colcon.colcon_core.shell:Creating prefix script '/home/marcos/USC/Vision_avanzada/Proxecto_Final/vision_ws/install/local_setup.ps1'
[1.974s] INFO:colcon.colcon_core.shell:Creating prefix util module '/home/marcos/USC/Vision_avanzada/Proxecto_Final/vision_ws/install/_local_setup_util_ps1.py'
[1.975s] INFO:colcon.colcon_core.shell:Creating prefix chain script '/home/marcos/USC/Vision_avanzada/Proxecto_Final/vision_ws/install/setup.ps1'
[1.976s] INFO:colcon.colcon_core.shell:Creating prefix script '/home/marcos/USC/Vision_avanzada/Proxecto_Final/vision_ws/install/local_setup.sh'
[1.976s] INFO:colcon.colcon_core.shell:Creating prefix util module '/home/marcos/USC/Vision_avanzada/Proxecto_Final/vision_ws/install/_local_setup_util_sh.py'
[1.977s] INFO:colcon.colcon_core.shell:Creating prefix chain script '/home/marcos/USC/Vision_avanzada/Proxecto_Final/vision_ws/install/setup.sh'
[1.978s] INFO:colcon.colcon_core.shell:Creating prefix script '/home/marcos/USC/Vision_avanzada/Proxecto_Final/vision_ws/install/local_setup.bash'
[1.978s] INFO:colcon.colcon_core.shell:Creating prefix chain script '/home/marcos/USC/Vision_avanzada/Proxecto_Final/vision_ws/install/setup.bash'
[1.979s] INFO:colcon.colcon_core.shell:Creating prefix script '/home/marcos/USC/Vision_avanzada/Proxecto_Final/vision_ws/install/local_setup.zsh'
[1.979s] INFO:colcon.colcon_core.shell:Creating prefix chain script '/home/marcos/USC/Vision_avanzada/Proxecto_Final/vision_ws/install/setup.zsh'
