[0.994s] Invoking command in '/home/marcos/USC/Vision_avanzada/Proxecto_Final/vision_ws/src/yolo_detector': PYTHONPATH=/home/marcos/USC/Vision_avanzada/Proxecto_Final/vision_ws/build/yolo_detector/prefix_override:/usr/lib/python3/dist-packages/colcon_core/task/python/colcon_distutils_commands:/home/marcos/USC/Vision_avanzada/Proxecto_Final/vision_ws/install/yolo_detector/lib/python3.10/site-packages:${PYTHONPATH} /usr/bin/python3 -W ignore:setup.py install is deprecated -W ignore:easy_install command is deprecated setup.py egg_info --egg-base ../../build/yolo_detector build --build-base /home/marcos/USC/Vision_avanzada/Proxecto_Final/vision_ws/build/yolo_detector/build install --record /home/marcos/USC/Vision_avanzada/Proxecto_Final/vision_ws/build/yolo_detector/install.log --single-version-externally-managed install_data
[1.259s] running egg_info
[1.260s] writing ../../build/yolo_detector/yolo_detector.egg-info/PKG-INFO
[1.260s] writing dependency_links to ../../build/yolo_detector/yolo_detector.egg-info/dependency_links.txt
[1.260s] writing entry points to ../../build/yolo_detector/yolo_detector.egg-info/entry_points.txt
[1.260s] writing requirements to ../../build/yolo_detector/yolo_detector.egg-info/requires.txt
[1.260s] writing top-level names to ../../build/yolo_detector/yolo_detector.egg-info/top_level.txt
[1.264s] reading manifest file '../../build/yolo_detector/yolo_detector.egg-info/SOURCES.txt'
[1.264s] writing manifest file '../../build/yolo_detector/yolo_detector.egg-info/SOURCES.txt'
[1.264s] running build
[1.264s] running build_py
[1.265s] copying yolo_detector/yolo_node.py -> /home/marcos/USC/Vision_avanzada/Proxecto_Final/vision_ws/build/yolo_detector/build/lib/yolo_detector
[1.265s] running install
[1.265s] running install_lib
[1.266s] copying /home/marcos/USC/Vision_avanzada/Proxecto_Final/vision_ws/build/yolo_detector/build/lib/yolo_detector/yolo_node.py -> /home/marcos/USC/Vision_avanzada/Proxecto_Final/vision_ws/install/yolo_detector/lib/python3.10/site-packages/yolo_detector
[1.266s] byte-compiling /home/marcos/USC/Vision_avanzada/Proxecto_Final/vision_ws/install/yolo_detector/lib/python3.10/site-packages/yolo_detector/yolo_node.py to yolo_node.cpython-310.pyc
[1.267s] running install_data
[1.267s] running install_egg_info
[1.268s] removing '/home/marcos/USC/Vision_avanzada/Proxecto_Final/vision_ws/install/yolo_detector/lib/python3.10/site-packages/yolo_detector-0.0.0-py3.10.egg-info' (and everything under it)
[1.268s] Copying ../../build/yolo_detector/yolo_detector.egg-info to /home/marcos/USC/Vision_avanzada/Proxecto_Final/vision_ws/install/yolo_detector/lib/python3.10/site-packages/yolo_detector-0.0.0-py3.10.egg-info
[1.269s] running install_scripts
[1.285s] Installing yolo_node script to /home/marcos/USC/Vision_avanzada/Proxecto_Final/vision_ws/install/yolo_detector/lib/yolo_detector
[1.285s] writing list of installed files to '/home/marcos/USC/Vision_avanzada/Proxecto_Final/vision_ws/build/yolo_detector/install.log'
[1.303s] Invoked command in '/home/marcos/USC/Vision_avanzada/Proxecto_Final/vision_ws/src/yolo_detector' returned '0': PYTHONPATH=/home/marcos/USC/Vision_avanzada/Proxecto_Final/vision_ws/build/yolo_detector/prefix_override:/usr/lib/python3/dist-packages/colcon_core/task/python/colcon_distutils_commands:/home/marcos/USC/Vision_avanzada/Proxecto_Final/vision_ws/install/yolo_detector/lib/python3.10/site-packages:${PYTHONPATH} /usr/bin/python3 -W ignore:setup.py install is deprecated -W ignore:easy_install command is deprecated setup.py egg_info --egg-base ../../build/yolo_detector build --build-base /home/marcos/USC/Vision_avanzada/Proxecto_Final/vision_ws/build/yolo_detector/build install --record /home/marcos/USC/Vision_avanzada/Proxecto_Final/vision_ws/build/yolo_detector/install.log --single-version-externally-managed install_data
