[1.178s] Invoking command in '/home/marcos/USC/Vision_avanzada/Proxecto_Final/vision_ws/src/hand_gesture': PYTHONPATH=/home/marcos/USC/Vision_avanzada/Proxecto_Final/vision_ws/build/hand_gesture/prefix_override:/usr/lib/python3/dist-packages/colcon_core/task/python/colcon_distutils_commands:/home/marcos/USC/Vision_avanzada/Proxecto_Final/vision_ws/install/hand_gesture/lib/python3.10/site-packages:${PYTHONPATH} /usr/bin/python3 -W ignore:setup.py install is deprecated -W ignore:easy_install command is deprecated setup.py egg_info --egg-base ../../build/hand_gesture build --build-base /home/marcos/USC/Vision_avanzada/Proxecto_Final/vision_ws/build/hand_gesture/build install --record /home/marcos/USC/Vision_avanzada/Proxecto_Final/vision_ws/build/hand_gesture/install.log --single-version-externally-managed install_data
[1.391s] running egg_info
[1.392s] writing ../../build/hand_gesture/hand_gesture.egg-info/PKG-INFO
[1.392s] writing dependency_links to ../../build/hand_gesture/hand_gesture.egg-info/dependency_links.txt
[1.392s] writing entry points to ../../build/hand_gesture/hand_gesture.egg-info/entry_points.txt
[1.392s] writing requirements to ../../build/hand_gesture/hand_gesture.egg-info/requires.txt
[1.392s] writing top-level names to ../../build/hand_gesture/hand_gesture.egg-info/top_level.txt
[1.401s] reading manifest file '../../build/hand_gesture/hand_gesture.egg-info/SOURCES.txt'
[1.402s] writing manifest file '../../build/hand_gesture/hand_gesture.egg-info/SOURCES.txt'
[1.402s] running build
[1.402s] running build_py
[1.402s] running install
[1.402s] running install_lib
[1.403s] running install_data
[1.403s] running install_egg_info
[1.404s] removing '/home/marcos/USC/Vision_avanzada/Proxecto_Final/vision_ws/install/hand_gesture/lib/python3.10/site-packages/hand_gesture-0.0.0-py3.10.egg-info' (and everything under it)
[1.404s] Copying ../../build/hand_gesture/hand_gesture.egg-info to /home/marcos/USC/Vision_avanzada/Proxecto_Final/vision_ws/install/hand_gesture/lib/python3.10/site-packages/hand_gesture-0.0.0-py3.10.egg-info
[1.405s] running install_scripts
[1.419s] writing list of installed files to '/home/marcos/USC/Vision_avanzada/Proxecto_Final/vision_ws/build/hand_gesture/install.log'
[1.437s] Invoked command in '/home/marcos/USC/Vision_avanzada/Proxecto_Final/vision_ws/src/hand_gesture' returned '0': PYTHONPATH=/home/marcos/USC/Vision_avanzada/Proxecto_Final/vision_ws/build/hand_gesture/prefix_override:/usr/lib/python3/dist-packages/colcon_core/task/python/colcon_distutils_commands:/home/marcos/USC/Vision_avanzada/Proxecto_Final/vision_ws/install/hand_gesture/lib/python3.10/site-packages:${PYTHONPATH} /usr/bin/python3 -W ignore:setup.py install is deprecated -W ignore:easy_install command is deprecated setup.py egg_info --egg-base ../../build/hand_gesture build --build-base /home/marcos/USC/Vision_avanzada/Proxecto_Final/vision_ws/build/hand_gesture/build install --record /home/marcos/USC/Vision_avanzada/Proxecto_Final/vision_ws/build/hand_gesture/install.log --single-version-externally-managed install_data
